<?xml version="1.0" encoding="UTF-8" ?>
<testsuite tests="6" failures="0" name="Options.TestRunner" time="0.256" errors="0" skipped="0">
  <properties>
[...]
</properties>
  <testcase classname="Scenario: Home page login NOK" name="Given I visit login page" time="0.002"/>
  <testcase classname="Scenario: Home page login NOK" name="When I enter &quot;xxx&quot; in the user name field and &quot;yyyy&quot; in the passsword field" time="0"/>
  <testcase classname="Scenario: Home page login NOK" name="And I press the access button" time="0"/>
  <testcase classname="Scenario: Home page login NOK" name="Then I should see an error message" time="0"/>
  <testcase classname="Scenario: Home page login NOK" name="And user is connected &quot;false&quot;" time="0.001"/>
  <testcase classname="Scenario: Home page login NOK" name="Scenario: Home page login NOK" time="0.253"/>
</testsuite>